# Activity Log

Last updated: 2026-01-13 23:59:41 UTC
Automated activity at Wed Jan 14 08:04:31 UTC 2026
Automated activity at Thu Jan 15 12:15:58 UTC 2026
Automated activity at Fri Jan 16 12:15:40 UTC 2026
Automated activity at Sat Jan 17 12:13:37 UTC 2026
Automated activity at Sun Jan 18 12:13:53 UTC 2026
Automated activity at Mon Jan 19 12:16:56 UTC 2026
Automated activity at Tue Jan 20 12:17:07 UTC 2026
Automated activity at Wed Jan 21 12:17:14 UTC 2026
Automated activity at Thu Jan 22 12:17:36 UTC 2026
Automated activity at Fri Jan 23 12:16:46 UTC 2026
Automated activity at Sat Jan 24 12:13:58 UTC 2026
Automated activity at Sun Jan 25 12:14:54 UTC 2026
Automated activity at Mon Jan 26 12:17:07 UTC 2026
Automated activity at Tue Jan 27 12:16:51 UTC 2026
Automated activity at Wed Jan 28 12:17:31 UTC 2026
Automated activity at Thu Jan 29 12:20:41 UTC 2026
Automated activity at Fri Jan 30 12:20:08 UTC 2026
Automated activity at Sat Jan 31 12:15:28 UTC 2026
Automated activity at Sun Feb  1 12:17:08 UTC 2026
Automated activity at Mon Feb  2 12:21:18 UTC 2026
Automated activity at Tue Feb  3 12:21:09 UTC 2026
Automated activity at Wed Feb  4 12:21:11 UTC 2026
Automated activity at Thu Feb  5 12:21:46 UTC 2026
Automated activity at Fri Feb  6 12:21:40 UTC 2026
Automated activity at Sat Feb  7 12:16:10 UTC 2026
Automated activity at Sun Feb  8 12:17:04 UTC 2026
Automated activity at Mon Feb  9 12:26:46 UTC 2026
Automated activity at Tue Feb 10 12:29:39 UTC 2026
